[=== Module python/3.10 loaded ===]
Using CPython 3.10.11 interpreter at: /cvmfs/ai.mila.quebec/apps/arch/distro/python/3.10/bin/python3.10
Creating virtual environment at: /network/scratch/h/hengh/AGILE-WM/.venvs/clip-ft-py310
Activate with: source /network/scratch/h/hengh/AGILE-WM/.venvs/clip-ft-py310/bin/activate
warning: Failed to hardlink files; falling back to full copy. This may lead to degraded performance.
         If the cache and target directories are on different filesystems, hardlinking may not be supported.
         If this is intentional, set `export UV_LINK_MODE=copy` or use `--link-mode=copy` to suppress this warning.
Installed 66 packages in 40.51s
 + absl-py==2.4.0
 + accelerate==1.13.0
 + annotated-doc==0.0.4
 + anyio==4.13.0
 + braceexpand==0.1.7
 + certifi==2026.2.25
 + click==8.3.2
 + cuda-bindings==13.2.0
 + cuda-pathfinder==1.5.2
 + cuda-toolkit==13.0.2
 + exceptiongroup==1.3.1
 + filelock==3.25.2
 + fsspec==2026.3.0
 + grpcio==1.80.0
 + h11==0.16.0
 + hf-xet==1.4.3
 + httpcore==1.0.9
 + httpx==0.28.1
 + huggingface-hub==1.10.1
 + idna==3.11
 + jinja2==3.1.6
 + markdown==3.10.2
 + markdown-it-py==4.0.0
 + markupsafe==3.0.3
 + mdurl==0.1.2
 + mpmath==1.3.0
 + networkx==3.4.2
 + numpy==2.2.6
 + nvidia-cublas==13.1.0.3
 + nvidia-cuda-cupti==13.0.85
 + nvidia-cuda-nvrtc==13.0.88
 + nvidia-cuda-runtime==13.0.96
 + nvidia-cudnn-cu13==9.19.0.56
 + nvidia-cufft==12.0.0.61
 + nvidia-cufile==1.15.1.6
 + nvidia-curand==10.4.0.35
 + nvidia-cusolver==12.0.4.66
 + nvidia-cusparse==12.6.3.3
 + nvidia-cusparselt-cu13==0.8.0
 + nvidia-nccl-cu13==2.28.9
 + nvidia-nvjitlink==13.0.88
 + nvidia-nvshmem-cu13==3.4.5
 + nvidia-nvtx==13.0.85
 + packaging==26.0
 + peft==0.18.1
 + pillow==12.2.0
 + protobuf==7.34.1
 + psutil==7.2.2
 + pygments==2.20.0
 + pyyaml==6.0.3
 + regex==2026.4.4
 + rich==15.0.0
 + safetensors==0.7.0
 + setuptools==81.0.0
 + shellingham==1.5.4
 + sympy==1.14.0
 + tensorboard==2.20.0
 + tensorboard-data-server==0.7.2
 + tokenizers==0.22.2
 + tqdm==4.67.3
 + transformers==5.5.3
 + triton==3.6.0
 + typer==0.24.1
 + typing-extensions==4.15.0
 + webdataset==1.0.2
 + werkzeug==3.1.8
Using Python 3.10.11 environment at: /network/scratch/h/hengh/AGILE-WM/.venvs/clip-ft-py310
Resolved 27 packages in 432ms
Prepared 4 packages in 2ms
Uninstalled 2 packages in 1.12s
warning: Failed to hardlink files; falling back to full copy. This may lead to degraded performance.
         If the cache and target directories are on different filesystems, hardlinking may not be supported.
         If this is intentional, set `export UV_LINK_MODE=copy` or use `--link-mode=copy` to suppress this warning.
Installed 18 packages in 1m 09s
 + nvidia-cublas-cu12==12.4.5.8
 + nvidia-cuda-cupti-cu12==12.4.127
 + nvidia-cuda-nvrtc-cu12==12.4.127
 + nvidia-cuda-runtime-cu12==12.4.127
 + nvidia-cudnn-cu12==9.1.0.70
 + nvidia-cufft-cu12==11.2.1.3
 + nvidia-curand-cu12==10.3.5.147
 + nvidia-cusolver-cu12==11.6.1.9
 + nvidia-cusparse-cu12==12.3.1.170
 + nvidia-cusparselt-cu12==0.6.2
 + nvidia-nccl-cu12==2.21.5
 + nvidia-nvjitlink-cu12==12.4.127
 + nvidia-nvtx-cu12==12.4.127
 - sympy==1.14.0
 + sympy==1.13.1
 + torch==2.6.0+cu124
 + torchaudio==2.6.0+cu124
 + torchvision==0.21.0+cu124
 - triton==3.6.0
 + triton==3.2.0
Uninstalled 5 packages in 6.08s
warning: Failed to hardlink files; falling back to full copy. This may lead to degraded performance.
         If the cache and target directories are on different filesystems, hardlinking may not be supported.
         If this is intentional, set `export UV_LINK_MODE=copy` or use `--link-mode=copy` to suppress this warning.
Installed 5 packages in 1m 13s
Traceback (most recent call last):
  File "/home/mila/h/hengh/CODE/AGILE-WM/CLIP_finetune.py", line 13, in <module>
    import torch
  File "/network/scratch/h/hengh/AGILE-WM/.venvs/clip-ft-py310/lib/python3.10/site-packages/torch/__init__.py", line 442, in <module>
    from torch._C import *  # noqa: F403
ImportError: /network/scratch/h/hengh/AGILE-WM/.venvs/clip-ft-py310/lib/python3.10/site-packages/torch/lib/libtorch_cuda.so: undefined symbol: ncclCommWindowDeregister
