[=== Module python/3.10 loaded ===]
Resolved 71 packages in 279ms
Uninstalled 18 packages in 36.10s
Installed 23 packages in 19.01s
 + cuda-bindings==13.2.0
 + cuda-pathfinder==1.5.2
 + cuda-toolkit==13.0.2
 + nvidia-cublas==13.1.0.3
 - nvidia-cublas-cu12==12.4.5.8
 + nvidia-cuda-cupti==13.0.85
 - nvidia-cuda-cupti-cu12==12.4.127
 + nvidia-cuda-nvrtc==13.0.88
 - nvidia-cuda-nvrtc-cu12==12.4.127
 + nvidia-cuda-runtime==13.0.96
 - nvidia-cuda-runtime-cu12==12.4.127
 - nvidia-cudnn-cu12==9.1.0.70
 + nvidia-cudnn-cu13==9.19.0.56
 + nvidia-cufft==12.0.0.61
 - nvidia-cufft-cu12==11.2.1.3
 + nvidia-cufile==1.15.1.6
 + nvidia-curand==10.4.0.35
 - nvidia-curand-cu12==10.3.5.147
 + nvidia-cusolver==12.0.4.66
 - nvidia-cusolver-cu12==11.6.1.9
 + nvidia-cusparse==12.6.3.3
 - nvidia-cusparse-cu12==12.3.1.170
 - nvidia-cusparselt-cu12==0.6.2
 + nvidia-cusparselt-cu13==0.8.0
 - nvidia-nccl-cu12==2.21.5
 + nvidia-nccl-cu13==2.28.9
 + nvidia-nvjitlink==13.0.88
 - nvidia-nvjitlink-cu12==12.4.127
 + nvidia-nvshmem-cu13==3.4.5
 + nvidia-nvtx==13.0.85
 - nvidia-nvtx-cu12==12.4.127
 - sympy==1.13.1
 + sympy==1.14.0
 - torch==2.6.0+cu124
 + torch==2.11.0
 - torchaudio==2.6.0+cu124
 + torchaudio==2.11.0
 - torchvision==0.21.0+cu124
 + torchvision==0.26.0
 - triton==3.2.0
 + triton==3.6.0
/home/mila/h/hengh/CODE/AGILE-WM/.venv/lib/python3.10/site-packages/torch/cuda/__init__.py:371: UserWarning: Found GPU0 Tesla V100-SXM2-32GB which is of compute capability (CC) 7.0.
The following list shows the CCs this version of PyTorch was built for and the hardware CCs it supports:
- 7.5 which supports hardware CC >=7.5,<8.0
- 8.0 which supports hardware CC >=8.0,<9.0 except {8.7}
- 8.6 which supports hardware CC >=8.6,<9.0 except {8.7}
- 9.0 which supports hardware CC >=9.0,<10.0
- 10.0 which supports hardware CC >=10.0,<11.0 except {10.1}
- 12.0 which supports hardware CC >=12.0,<13.0
Please follow the instructions at https://pytorch.org/get-started/locally/ to install a PyTorch release that supports one of these CUDA versions: 12.6, 12.8
  _warn_unsupported_code(d, device_cc, code_ccs)
Traceback (most recent call last):
  File "/home/mila/h/hengh/CODE/AGILE-WM/caption_shard.py", line 330, in <module>
    main()
  File "/home/mila/h/hengh/CODE/AGILE-WM/caption_shard.py", line 319, in main
    process_shard(
  File "/home/mila/h/hengh/CODE/AGILE-WM/caption_shard.py", line 250, in process_shard
    model, processor = load_model_and_processor(model_dir)
  File "/home/mila/h/hengh/CODE/AGILE-WM/caption_shard.py", line 117, in load_model_and_processor
    ensure_supported_cuda_device()
  File "/home/mila/h/hengh/CODE/AGILE-WM/caption_shard.py", line 93, in ensure_supported_cuda_device
    raise RuntimeError(
RuntimeError: Installed PyTorch build is not compatible with the active GPU. Found Tesla V100-SXM2-32GB (sm_70), but this build only supports: sm_100, sm_120, sm_75, sm_80, sm_86, sm_90. Use Python 3.10 with torch==2.6.0, torchvision==0.21.0, and torchaudio==2.6.0 from the PyTorch CUDA 12.4 index.
