[=== Module python/3.10 loaded ===]
Resolved 71 packages in 3ms
Uninstalled 25 packages in 8.20s
 - asttokens==3.0.1
 - comm==0.2.3
 - debugpy==1.8.20
 - decorator==5.2.1
 - executing==2.2.1
 - ipykernel==7.2.0
 - ipython==8.39.0
 - jedi==0.19.2
 - jupyter-client==8.8.0
 - jupyter-core==5.9.1
 - matplotlib-inline==0.2.1
 - nest-asyncio==1.6.0
 - parso==0.8.6
 - pexpect==4.9.0
 - platformdirs==4.9.6
 - prompt-toolkit==3.0.52
 - ptyprocess==0.7.0
 - pure-eval==0.2.3
 - python-dateutil==2.9.0.post0
 - pyzmq==27.1.0
 - six==1.17.0
 - stack-data==0.6.3
 - tornado==6.5.5
 - traitlets==5.14.3
 - wcwidth==0.6.0
Resolved 27 packages in 520ms
Downloading sympy (5.9MiB)
Downloading triton (158.9MiB)
Downloading nvidia-cufft-cu12 (201.7MiB)
Downloading nvidia-cuda-nvrtc-cu12 (23.5MiB)
Downloading nvidia-cusparse-cu12 (197.8MiB)
Downloading nvidia-cuda-cupti-cu12 (13.2MiB)
Downloading nvidia-cublas-cu12 (346.6MiB)
Downloading nvidia-cusolver-cu12 (122.0MiB)
Downloading nvidia-cusparselt-cu12 (143.1MiB)
Downloading nvidia-curand-cu12 (53.7MiB)
Downloading nvidia-cudnn-cu12 (634.0MiB)
Downloading nvidia-nvjitlink-cu12 (20.1MiB)
Downloading nvidia-nccl-cu12 (179.9MiB)
 Downloaded nvidia-cuda-cupti-cu12
 Downloaded nvidia-nvjitlink-cu12
 Downloaded nvidia-cuda-nvrtc-cu12
 Downloaded nvidia-curand-cu12
 Downloaded triton
 Downloaded sympy
 Downloaded nvidia-cusolver-cu12
 Downloaded nvidia-cusparselt-cu12
 Downloaded nvidia-nccl-cu12
 Downloaded nvidia-cusparse-cu12
 Downloaded nvidia-cufft-cu12
 Downloaded nvidia-cublas-cu12
 Downloaded nvidia-cudnn-cu12
Prepared 15 packages in 19.73s
Uninstalled 5 packages in 32.45s
Installed 18 packages in 15.03s
 + nvidia-cublas-cu12==12.4.5.8
 + nvidia-cuda-cupti-cu12==12.4.127
 + nvidia-cuda-nvrtc-cu12==12.4.127
 + nvidia-cuda-runtime-cu12==12.4.127
 + nvidia-cudnn-cu12==9.1.0.70
 + nvidia-cufft-cu12==11.2.1.3
 + nvidia-curand-cu12==10.3.5.147
 + nvidia-cusolver-cu12==11.6.1.9
 + nvidia-cusparse-cu12==12.3.1.170
 + nvidia-cusparselt-cu12==0.6.2
 + nvidia-nccl-cu12==2.21.5
 + nvidia-nvjitlink-cu12==12.4.127
 + nvidia-nvtx-cu12==12.4.127
 - sympy==1.14.0
 + sympy==1.13.1
 - torch==2.11.0
 + torch==2.6.0+cu124
 - torchaudio==2.11.0
 + torchaudio==2.6.0+cu124
 - torchvision==0.26.0
 + torchvision==0.21.0+cu124
 - triton==3.6.0
 + triton==3.2.0
Uninstalled 5 packages in 21.70s
Installed 5 packages in 14.60s
Traceback (most recent call last):
  File "<stdin>", line 3, in <module>
  File "/home/mila/h/hengh/CODE/AGILE-WM/.venv/lib/python3.10/site-packages/torch/__init__.py", line 442, in <module>
    from torch._C import *  # noqa: F403
ImportError: /home/mila/h/hengh/CODE/AGILE-WM/.venv/lib/python3.10/site-packages/torch/lib/libtorch_cuda.so: undefined symbol: ncclCommWindowDeregister
Installed torch build is incompatible with compute capability 7.0 after selecting stack legacy-cu124.
