[=== Module python/3.10 loaded ===]
Using CPython 3.10.11 interpreter at: /cvmfs/ai.mila.quebec/apps/arch/distro/python/3.10/bin/python3.10
Creating virtual environment at: /tmp/agile-wm-rnn-9273581
Activate with: source /tmp/agile-wm-rnn-9273581/bin/activate
Checked 66 packages in 18ms
Using Python 3.10.11 environment at: /tmp/agile-wm-rnn-9273581
warning: Skipping cuda-bindings as it is not installed
warning: Skipping cuda-pathfinder as it is not installed
warning: Skipping cuda-toolkit as it is not installed
warning: Skipping nvidia-cublas as it is not installed
warning: Skipping nvidia-cuda-cupti as it is not installed
warning: Skipping nvidia-cuda-nvrtc as it is not installed
warning: Skipping nvidia-cuda-runtime as it is not installed
warning: Skipping nvidia-cudnn-cu13 as it is not installed
warning: Skipping nvidia-cufft as it is not installed
warning: Skipping nvidia-cufile as it is not installed
warning: Skipping nvidia-curand as it is not installed
warning: Skipping nvidia-cusolver as it is not installed
warning: Skipping nvidia-cusparse as it is not installed
warning: Skipping nvidia-cusparselt-cu13 as it is not installed
warning: Skipping nvidia-nccl-cu13 as it is not installed
warning: Skipping nvidia-nvjitlink as it is not installed
warning: Skipping nvidia-nvshmem-cu13 as it is not installed
warning: Skipping nvidia-nvtx as it is not installed
warning: No packages to uninstall
Using Python 3.10.11 environment at: /tmp/agile-wm-rnn-9273581
Resolved 33 packages in 16ms
Installed 33 packages in 6.39s
 + cuda-bindings==13.2.0
 + cuda-pathfinder==1.5.3
 + cuda-toolkit==13.0.2
 + filelock==3.28.0
 + fsspec==2026.3.0
 + jinja2==3.1.6
 + markupsafe==3.0.3
 + mpmath==1.3.0
 + networkx==3.4.2
 + numpy==2.2.6
 + nvidia-cublas==13.1.0.3
 + nvidia-cuda-cupti==13.0.85
 + nvidia-cuda-nvrtc==13.0.88
 + nvidia-cuda-runtime==13.0.96
 + nvidia-cudnn-cu13==9.19.0.56
 + nvidia-cufft==12.0.0.61
 + nvidia-cufile==1.15.1.6
 + nvidia-curand==10.4.0.35
 + nvidia-cusolver==12.0.4.66
 + nvidia-cusparse==12.6.3.3
 + nvidia-cusparselt-cu13==0.8.0
 + nvidia-nccl-cu13==2.28.9
 + nvidia-nvjitlink==13.0.88
 + nvidia-nvshmem-cu13==3.4.5
 + nvidia-nvtx==13.0.85
 + pillow==12.2.0
 + setuptools==81.0.0
 + sympy==1.14.0
 + torch==2.11.0
 + torchaudio==2.11.0
 + torchvision==0.26.0
 + triton==3.6.0
 + typing-extensions==4.15.0
Using Python 3.10.11 environment at: /tmp/agile-wm-rnn-9273581
Resolved 56 packages in 202ms
Downloading tf-keras (1.6MiB)
 Downloaded tf-keras
Prepared 1 package in 507ms
Uninstalled 1 package in 26ms
Installed 53 packages in 12.42s
 + absl-py==2.4.0
 + astunparse==1.6.3
 + attrs==26.1.0
 + certifi==2026.2.25
 + charset-normalizer==3.4.7
 + cloudpickle==3.1.2
 + decorator==5.2.1
 + dm-tree==0.1.10
 + flatbuffers==25.12.19
 + gast==0.7.0
 + google-pasta==0.2.0
 + grpcio==1.80.0
 + h5py==3.16.0
 + idna==3.11
 + keras==3.12.1
 + libclang==18.1.1
 + markdown==3.10.2
 + markdown-it-py==4.0.0
 + mdurl==0.1.2
 + ml-dtypes==0.5.4
 + namex==0.1.0
 - numpy==2.2.6
 + numpy==2.0.2
 + nvidia-cublas-cu12==12.5.3.2
 + nvidia-cuda-cupti-cu12==12.5.82
 + nvidia-cuda-nvcc-cu12==12.5.82
 + nvidia-cuda-nvrtc-cu12==12.5.82
 + nvidia-cuda-runtime-cu12==12.5.82
 + nvidia-cudnn-cu12==9.3.0.75
 + nvidia-cufft-cu12==11.2.3.61
 + nvidia-curand-cu12==10.3.6.82
 + nvidia-cusolver-cu12==11.6.3.83
 + nvidia-cusparse-cu12==12.5.1.3
 + nvidia-nccl-cu12==2.21.5
 + nvidia-nvjitlink-cu12==12.5.82
 + opt-einsum==3.4.0
 + optree==0.19.0
 + packaging==26.1
 + protobuf==5.29.6
 + pygments==2.20.0
 + requests==2.33.1
 + rich==15.0.0
 + six==1.17.0
 + tensorboard==2.18.0
 + tensorboard-data-server==0.7.2
 + tensorflow==2.18.1
 + tensorflow-io-gcs-filesystem==0.37.1
 + tensorflow-probability==0.25.0
 + termcolor==3.3.0
 + tf-keras==2.18.0
 + urllib3==2.6.3
 + werkzeug==3.1.8
 + wheel==0.46.3
 + wrapt==2.1.2
2026-04-14 23:05:20.443949: I tensorflow/core/util/port.cc:153] oneDNN custom operations are on. You may see slightly different numerical results due to floating-point round-off errors from different computation orders. To turn them off, set the environment variable `TF_ENABLE_ONEDNN_OPTS=0`.
2026-04-14 23:05:20.458314: E external/local_xla/xla/stream_executor/cuda/cuda_fft.cc:477] Unable to register cuFFT factory: Attempting to register factory for plugin cuFFT when one has already been registered
WARNING: All log messages before absl::InitializeLog() is called are written to STDERR
E0000 00:00:1776222320.476374 2128022 cuda_dnn.cc:8310] Unable to register cuDNN factory: Attempting to register factory for plugin cuDNN when one has already been registered
E0000 00:00:1776222320.481739 2128022 cuda_blas.cc:1418] Unable to register cuBLAS factory: Attempting to register factory for plugin cuBLAS when one has already been registered
2026-04-14 23:05:20.499334: I tensorflow/core/platform/cpu_feature_guard.cc:210] This TensorFlow binary is optimized to use available CPU instructions in performance-critical operations.
To enable the following instructions: AVX2 AVX512F AVX512_VNNI FMA, in other operations, rebuild TensorFlow with the appropriate compiler flags.
Traceback (most recent call last):
  File "<stdin>", line 3, in <module>
  File "/tmp/agile-wm-rnn-9273581/lib/python3.10/site-packages/torch/__init__.py", line 442, in <module>
    from torch._C import *  # noqa: F403
ImportError: /tmp/agile-wm-rnn-9273581/lib/python3.10/site-packages/torch/lib/libtorch_cuda.so: undefined symbol: ncclCommWindowDeregister
