[=== Module python/3.10 loaded ===]
Using CPython 3.10.11 interpreter at: /cvmfs/ai.mila.quebec/apps/arch/distro/python/3.10/bin/python3.10
Creating virtual environment at: /tmp/agile-wm-rnn-9273625/series-env
Activate with: source /tmp/agile-wm-rnn-9273625/series-env/bin/activate
Checked 66 packages in 81ms
Using Python 3.10.11 environment at: /tmp/agile-wm-rnn-9273625/series-env
Resolved 33 packages in 104ms
Installed 33 packages in 18.51s
 + cuda-bindings==13.2.0
 + cuda-pathfinder==1.5.3
 + cuda-toolkit==13.0.2
 + filelock==3.28.0
 + fsspec==2026.3.0
 + jinja2==3.1.6
 + markupsafe==3.0.3
 + mpmath==1.3.0
 + networkx==3.4.2
 + numpy==2.2.6
 + nvidia-cublas==13.1.0.3
 + nvidia-cuda-cupti==13.0.85
 + nvidia-cuda-nvrtc==13.0.88
 + nvidia-cuda-runtime==13.0.96
 + nvidia-cudnn-cu13==9.19.0.56
 + nvidia-cufft==12.0.0.61
 + nvidia-cufile==1.15.1.6
 + nvidia-curand==10.4.0.35
 + nvidia-cusolver==12.0.4.66
 + nvidia-cusparse==12.6.3.3
 + nvidia-cusparselt-cu13==0.8.0
 + nvidia-nccl-cu13==2.28.9
 + nvidia-nvjitlink==13.0.88
 + nvidia-nvshmem-cu13==3.4.5
 + nvidia-nvtx==13.0.85
 + pillow==12.2.0
 + setuptools==81.0.0
 + sympy==1.14.0
 + torch==2.11.0
 + torchaudio==2.11.0
 + torchvision==0.26.0
 + triton==3.6.0
 + typing-extensions==4.15.0
Using Python 3.10.11 environment at: /tmp/agile-wm-rnn-9273625/series-env
Resolved 58 packages in 32ms
Installed 27 packages in 3.70s
 + accelerate==1.13.0
 + annotated-doc==0.0.4
 + anyio==4.13.0
 + certifi==2026.2.25
 + click==8.3.2
 + exceptiongroup==1.3.1
 + h11==0.16.0
 + hf-xet==1.4.3
 + httpcore==1.0.9
 + httpx==0.28.1
 + huggingface-hub==1.10.2
 + idna==3.11
 + markdown-it-py==4.0.0
 + mdurl==0.1.2
 + packaging==26.1
 + peft==0.19.0
 + psutil==7.2.2
 + pygments==2.20.0
 + pyyaml==6.0.3
 + regex==2026.4.4
 + rich==15.0.0
 + safetensors==0.7.0
 + shellingham==1.5.4
 + tokenizers==0.22.2
 + tqdm==4.67.3
 + transformers==5.5.4
 + typer==0.24.1
Using Python 3.10.11 environment at: /tmp/agile-wm-rnn-9273625/series-env
Resolved 44 packages in 85ms
Uninstalled 1 package in 51ms
Installed 34 packages in 26.52s
 + absl-py==2.4.0
 + astunparse==1.6.3
 + attrs==26.1.0
 + charset-normalizer==3.4.7
 + cloudpickle==3.1.2
 + decorator==5.2.1
 + dm-tree==0.1.10
 + flatbuffers==25.12.19
 + gast==0.7.0
 + google-pasta==0.2.0
 + grpcio==1.80.0
 + h5py==3.16.0
 + keras==3.12.1
 + libclang==18.1.1
 + markdown==3.10.2
 + ml-dtypes==0.5.4
 + namex==0.1.0
 - numpy==2.2.6
 + numpy==2.0.2
 + opt-einsum==3.4.0
 + optree==0.19.0
 + protobuf==5.29.6
 + requests==2.33.1
 + six==1.17.0
 + tensorboard==2.18.0
 + tensorboard-data-server==0.7.2
 + tensorflow==2.18.1
 + tensorflow-io-gcs-filesystem==0.37.1
 + tensorflow-probability==0.25.0
 + termcolor==3.3.0
 + tf-keras==2.18.0
 + urllib3==2.6.3
 + werkzeug==3.1.8
 + wheel==0.46.3
 + wrapt==2.1.2
2026-04-14 23:17:51.365138: I external/local_xla/xla/tsl/cuda/cudart_stub.cc:32] Could not find cuda drivers on your machine, GPU will not be used.
2026-04-14 23:17:51.368493: I external/local_xla/xla/tsl/cuda/cudart_stub.cc:32] Could not find cuda drivers on your machine, GPU will not be used.
2026-04-14 23:17:51.377644: E external/local_xla/xla/stream_executor/cuda/cuda_fft.cc:477] Unable to register cuFFT factory: Attempting to register factory for plugin cuFFT when one has already been registered
WARNING: All log messages before absl::InitializeLog() is called are written to STDERR
E0000 00:00:1776223071.395398 3361062 cuda_dnn.cc:8310] Unable to register cuDNN factory: Attempting to register factory for plugin cuDNN when one has already been registered
E0000 00:00:1776223071.400676 3361062 cuda_blas.cc:1418] Unable to register cuBLAS factory: Attempting to register factory for plugin cuBLAS when one has already been registered
2026-04-14 23:17:51.416727: I tensorflow/core/platform/cpu_feature_guard.cc:210] This TensorFlow binary is optimized to use available CPU instructions in performance-critical operations.
To enable the following instructions: AVX2 FMA, in other operations, rebuild TensorFlow with the appropriate compiler flags.
2026-04-14 23:18:04.543573: I external/local_xla/xla/tsl/cuda/cudart_stub.cc:32] Could not find cuda drivers on your machine, GPU will not be used.
2026-04-14 23:18:04.547031: I external/local_xla/xla/tsl/cuda/cudart_stub.cc:32] Could not find cuda drivers on your machine, GPU will not be used.
2026-04-14 23:18:04.557293: E external/local_xla/xla/stream_executor/cuda/cuda_fft.cc:477] Unable to register cuFFT factory: Attempting to register factory for plugin cuFFT when one has already been registered
WARNING: All log messages before absl::InitializeLog() is called are written to STDERR
E0000 00:00:1776223084.574587 3361072 cuda_dnn.cc:8310] Unable to register cuDNN factory: Attempting to register factory for plugin cuDNN when one has already been registered
E0000 00:00:1776223084.579889 3361072 cuda_blas.cc:1418] Unable to register cuBLAS factory: Attempting to register factory for plugin cuBLAS when one has already been registered
2026-04-14 23:18:04.596533: I tensorflow/core/platform/cpu_feature_guard.cc:210] This TensorFlow binary is optimized to use available CPU instructions in performance-critical operations.
To enable the following instructions: AVX2 FMA, in other operations, rebuild TensorFlow with the appropriate compiler flags.
23:18:15  WARNING   Discarding the first 50 frames and trimming the last 10 frames of each rollout to keep 940 frames divisible by chunk_size=20.
W0000 00:00:1776223095.237978 3361072 gpu_device.cc:2344] Cannot dlopen some GPU libraries. Please make sure the missing libraries mentioned above are installed properly if you would like to use GPU. Follow the guide at https://www.tensorflow.org/install/gpu for how to download and setup the required libraries for your platform.
Skipping registering GPU devices...
/tmp/agile-wm-rnn-9273625/series-env/lib/python3.10/site-packages/keras/src/layers/core/input_layer.py:27: UserWarning: Argument `input_shape` is deprecated. Use `shape` instead.
  warnings.warn(
23:18:16  INFO      Fingerprint not found. Saved model loading will continue.
23:18:16  INFO      path_and_singleprint metric could not be logged. Saved model loading will continue.
Loading weights:   0%|          | 0/398 [00:00<?, ?it/s]Loading weights:  45%|████▌     | 181/398 [00:00<00:00, 1805.22it/s]Loading weights:  91%|█████████ | 362/398 [00:00<00:00, 1576.87it/s]Loading weights: 100%|██████████| 398/398 [00:00<00:00, 1652.47it/s]
23:18:20  INFO      Encoded rollouts: 1/30
23:19:20  INFO      Encoded rollouts: 30/30
23:19:22  INFO      Prepared 30 rollouts x 47 chunks = 1410 total sequences
23:19:22  INFO      Saved rollout feature cache to /network/scratch/h/hengh/AGILE-WM/results/WorldModels/CarRacing-v0/series
Using CPython 3.10.11 interpreter at: /cvmfs/ai.mila.quebec/apps/arch/distro/python/3.10/bin/python3.10
Creating virtual environment at: /tmp/agile-wm-rnn-9273625/train-env
Activate with: source /tmp/agile-wm-rnn-9273625/train-env/bin/activate
Checked 66 packages in 19ms
Using Python 3.10.11 environment at: /tmp/agile-wm-rnn-9273625/train-env
Resolved 56 packages in 98ms
Installed 56 packages in 12.59s
 + absl-py==2.4.0
 + astunparse==1.6.3
 + attrs==26.1.0
 + certifi==2026.2.25
 + charset-normalizer==3.4.7
 + cloudpickle==3.1.2
 + decorator==5.2.1
 + dm-tree==0.1.10
 + flatbuffers==25.12.19
 + gast==0.7.0
 + google-pasta==0.2.0
 + grpcio==1.80.0
 + h5py==3.16.0
 + idna==3.11
 + keras==3.12.1
 + libclang==18.1.1
 + markdown==3.10.2
 + markdown-it-py==4.0.0
 + markupsafe==3.0.3
 + mdurl==0.1.2
 + ml-dtypes==0.5.4
 + namex==0.1.0
 + numpy==2.0.2
 + nvidia-cublas-cu12==12.5.3.2
 + nvidia-cuda-cupti-cu12==12.5.82
 + nvidia-cuda-nvcc-cu12==12.5.82
 + nvidia-cuda-nvrtc-cu12==12.5.82
 + nvidia-cuda-runtime-cu12==12.5.82
 + nvidia-cudnn-cu12==9.3.0.75
 + nvidia-cufft-cu12==11.2.3.61
 + nvidia-curand-cu12==10.3.6.82
 + nvidia-cusolver-cu12==11.6.3.83
 + nvidia-cusparse-cu12==12.5.1.3
 + nvidia-nccl-cu12==2.21.5
 + nvidia-nvjitlink-cu12==12.5.82
 + opt-einsum==3.4.0
 + optree==0.19.0
 + packaging==26.1
 + protobuf==5.29.6
 + pygments==2.20.0
 + requests==2.33.1
 + rich==15.0.0
 + setuptools==82.0.1
 + six==1.17.0
 + tensorboard==2.18.0
 + tensorboard-data-server==0.7.2
 + tensorflow==2.18.1
 + tensorflow-io-gcs-filesystem==0.37.1
 + tensorflow-probability==0.25.0
 + termcolor==3.3.0
 + tf-keras==2.18.0
 + typing-extensions==4.15.0
 + urllib3==2.6.3
 + werkzeug==3.1.8
 + wheel==0.46.3
 + wrapt==2.1.2
2026-04-14 23:19:37.250409: E external/local_xla/xla/stream_executor/cuda/cuda_fft.cc:477] Unable to register cuFFT factory: Attempting to register factory for plugin cuFFT when one has already been registered
WARNING: All log messages before absl::InitializeLog() is called are written to STDERR
E0000 00:00:1776223177.268556 3369605 cuda_dnn.cc:8310] Unable to register cuDNN factory: Attempting to register factory for plugin cuDNN when one has already been registered
E0000 00:00:1776223177.273907 3369605 cuda_blas.cc:1418] Unable to register cuBLAS factory: Attempting to register factory for plugin cuBLAS when one has already been registered
2026-04-14 23:19:37.290143: I tensorflow/core/platform/cpu_feature_guard.cc:210] This TensorFlow binary is optimized to use available CPU instructions in performance-critical operations.
To enable the following instructions: AVX2 FMA, in other operations, rebuild TensorFlow with the appropriate compiler flags.
2026-04-14 23:19:46.472016: E external/local_xla/xla/stream_executor/cuda/cuda_fft.cc:477] Unable to register cuFFT factory: Attempting to register factory for plugin cuFFT when one has already been registered
WARNING: All log messages before absl::InitializeLog() is called are written to STDERR
E0000 00:00:1776223186.491233 3369638 cuda_dnn.cc:8310] Unable to register cuDNN factory: Attempting to register factory for plugin cuDNN when one has already been registered
E0000 00:00:1776223186.496864 3369638 cuda_blas.cc:1418] Unable to register cuBLAS factory: Attempting to register factory for plugin cuBLAS when one has already been registered
2026-04-14 23:19:46.513512: I tensorflow/core/platform/cpu_feature_guard.cc:210] This TensorFlow binary is optimized to use available CPU instructions in performance-critical operations.
To enable the following instructions: AVX2 FMA, in other operations, rebuild TensorFlow with the appropriate compiler flags.
23:19:48  INFO      Training the RNN directly on CBP-fused latent codes with dim 544; the VAE decoder still consumes the projection output of dim 32.
I0000 00:00:1776223188.958025 3369638 gpu_device.cc:2022] Created device /job:localhost/replica:0/task:0/device:GPU:0 with 44321 MB memory:  -> device: 0, name: Quadro RTX 8000, pci bus id: 0000:c3:00.0, compute capability: 7.5
/tmp/agile-wm-rnn-9273625/train-env/lib/python3.10/site-packages/keras/src/layers/core/input_layer.py:27: UserWarning: Argument `input_shape` is deprecated. Use `shape` instead.
  warnings.warn(
23:19:49  INFO      Loaded 30 rollouts -> 1410 total sequences (940 frames / 20 per chunk, latent_dim=544, input_width=547)
I0000 00:00:1776223192.169704 3369664 cuda_dnn.cc:529] Loaded cuDNN version 90300
23:20:01  INFO      step: 20, train_time_taken: 9.1254, lr: 0.001000, train_total: 0.5454, train_MDN: 0.5454, val_total: 0.4611, val_MDN: 0.4611
23:20:08  INFO      step: 40, train_time_taken: 7.3211, lr: 0.001000, train_total: 0.3339, train_MDN: 0.3339, val_total: 0.2413, val_MDN: 0.2413
23:20:15  INFO      step: 60, train_time_taken: 7.1257, lr: 0.001000, train_total: 0.1816, train_MDN: 0.1816, val_total: 0.1112, val_MDN: 0.1112
23:20:22  INFO      step: 80, train_time_taken: 7.1335, lr: 0.001000, train_total: 0.1109, train_MDN: 0.1109, val_total: 0.0428, val_MDN: 0.0428
23:20:29  INFO      step: 100, train_time_taken: 7.1657, lr: 0.001000, train_total: 0.0530, train_MDN: 0.0530, val_total: 0.0055, val_MDN: 0.0055
23:20:36  INFO      step: 120, train_time_taken: 7.1495, lr: 0.001000, train_total: 0.0110, train_MDN: 0.0110, val_total: -0.0402, val_MDN: -0.0402
23:20:43  INFO      step: 140, train_time_taken: 7.1415, lr: 0.001000, train_total: -0.0493, train_MDN: -0.0493, val_total: -0.0549, val_MDN: -0.0549
23:20:51  INFO      step: 160, train_time_taken: 7.1523, lr: 0.001000, train_total: -0.0725, train_MDN: -0.0725, val_total: -0.0731, val_MDN: -0.0731
23:20:58  INFO      step: 180, train_time_taken: 7.1565, lr: 0.001000, train_total: -0.0700, train_MDN: -0.0700, val_total: -0.0860, val_MDN: -0.0860
23:21:05  INFO      step: 200, train_time_taken: 7.1474, lr: 0.001000, train_total: -0.0822, train_MDN: -0.0822, val_total: -0.0813, val_MDN: -0.0813
23:21:12  INFO      step: 220, train_time_taken: 7.1119, lr: 0.001000, train_total: -0.1203, train_MDN: -0.1203, val_total: -0.1053, val_MDN: -0.1053
23:21:19  INFO      step: 240, train_time_taken: 7.1276, lr: 0.001000, train_total: -0.1372, train_MDN: -0.1372, val_total: -0.1159, val_MDN: -0.1159
23:21:26  INFO      step: 260, train_time_taken: 7.1449, lr: 0.001000, train_total: -0.1613, train_MDN: -0.1613, val_total: -0.1201, val_MDN: -0.1201
23:21:33  INFO      step: 280, train_time_taken: 7.1410, lr: 0.001000, train_total: -0.1462, train_MDN: -0.1462, val_total: -0.1284, val_MDN: -0.1284
23:21:41  INFO      step: 300, train_time_taken: 7.1784, lr: 0.001000, train_total: -0.1692, train_MDN: -0.1692, val_total: -0.1237, val_MDN: -0.1237
23:21:48  INFO      step: 320, train_time_taken: 7.1852, lr: 0.001000, train_total: -0.1844, train_MDN: -0.1844, val_total: -0.1272, val_MDN: -0.1272
23:21:55  INFO      step: 340, train_time_taken: 7.1452, lr: 0.001000, train_total: -0.1907, train_MDN: -0.1907, val_total: -0.1415, val_MDN: -0.1415
23:22:02  INFO      step: 360, train_time_taken: 7.1569, lr: 0.001000, train_total: -0.1850, train_MDN: -0.1850, val_total: -0.1233, val_MDN: -0.1233
23:22:09  INFO      step: 380, train_time_taken: 7.1598, lr: 0.001000, train_total: -0.1581, train_MDN: -0.1581, val_total: -0.1349, val_MDN: -0.1349
23:22:16  INFO      step: 400, train_time_taken: 7.1594, lr: 0.001000, train_total: -0.2057, train_MDN: -0.2057, val_total: -0.1208, val_MDN: -0.1208
23:22:24  INFO      step: 420, train_time_taken: 7.1421, lr: 0.001000, train_total: -0.2104, train_MDN: -0.2104, val_total: -0.1333, val_MDN: -0.1333
23:22:31  INFO      step: 440, train_time_taken: 7.1926, lr: 0.001000, train_total: -0.2152, train_MDN: -0.2152, val_total: -0.1289, val_MDN: -0.1289
23:22:38  INFO      step: 460, train_time_taken: 7.2155, lr: 0.001000, train_total: -0.2258, train_MDN: -0.2258, val_total: -0.1280, val_MDN: -0.1280
23:22:45  INFO      step: 480, train_time_taken: 7.3226, lr: 0.001000, train_total: -0.2106, train_MDN: -0.2106, val_total: -0.1243, val_MDN: -0.1243
23:22:52  INFO      step: 500, train_time_taken: 7.1697, lr: 0.001000, train_total: -0.2254, train_MDN: -0.2254, val_total: -0.1271, val_MDN: -0.1271
23:23:00  INFO      step: 520, train_time_taken: 7.2292, lr: 0.001000, train_total: -0.2649, train_MDN: -0.2649, val_total: -0.1116, val_MDN: -0.1116
23:23:07  INFO      step: 540, train_time_taken: 7.2340, lr: 0.001000, train_total: -0.2423, train_MDN: -0.2423, val_total: -0.1126, val_MDN: -0.1126
23:23:14  INFO      step: 560, train_time_taken: 7.1507, lr: 0.001000, train_total: -0.2320, train_MDN: -0.2320, val_total: -0.1233, val_MDN: -0.1233
23:23:21  INFO      step: 580, train_time_taken: 7.1605, lr: 0.001000, train_total: -0.2649, train_MDN: -0.2649, val_total: -0.1210, val_MDN: -0.1210
23:23:28  INFO      step: 600, train_time_taken: 7.1641, lr: 0.001000, train_total: -0.2713, train_MDN: -0.2713, val_total: -0.1183, val_MDN: -0.1183
23:23:36  INFO      step: 620, train_time_taken: 7.1867, lr: 0.001000, train_total: -0.2636, train_MDN: -0.2636, val_total: -0.1096, val_MDN: -0.1096
23:23:43  INFO      step: 640, train_time_taken: 7.1732, lr: 0.001000, train_total: -0.2601, train_MDN: -0.2601, val_total: -0.1116, val_MDN: -0.1116
23:23:50  INFO      step: 660, train_time_taken: 7.1270, lr: 0.001000, train_total: -0.2837, train_MDN: -0.2837, val_total: -0.0990, val_MDN: -0.0990
23:23:57  INFO      step: 680, train_time_taken: 7.1462, lr: 0.001000, train_total: -0.2741, train_MDN: -0.2741, val_total: -0.1095, val_MDN: -0.1095
23:24:04  INFO      step: 700, train_time_taken: 7.1859, lr: 0.001000, train_total: -0.2736, train_MDN: -0.2736, val_total: -0.0982, val_MDN: -0.0982
23:24:11  INFO      step: 720, train_time_taken: 7.1675, lr: 0.001000, train_total: -0.2876, train_MDN: -0.2876, val_total: -0.1045, val_MDN: -0.1045
23:24:19  INFO      step: 740, train_time_taken: 7.2146, lr: 0.001000, train_total: -0.2883, train_MDN: -0.2883, val_total: -0.0895, val_MDN: -0.0895
23:24:26  INFO      step: 760, train_time_taken: 7.2507, lr: 0.001000, train_total: -0.2973, train_MDN: -0.2973, val_total: -0.0855, val_MDN: -0.0855
23:24:33  INFO      step: 780, train_time_taken: 7.1870, lr: 0.001000, train_total: -0.2994, train_MDN: -0.2994, val_total: -0.0704, val_MDN: -0.0704
23:24:40  INFO      step: 800, train_time_taken: 7.2332, lr: 0.001000, train_total: -0.3131, train_MDN: -0.3131, val_total: -0.0901, val_MDN: -0.0901
23:24:47  INFO      step: 820, train_time_taken: 7.2402, lr: 0.001000, train_total: -0.2808, train_MDN: -0.2808, val_total: -0.0796, val_MDN: -0.0796
23:24:55  INFO      step: 840, train_time_taken: 7.1979, lr: 0.001000, train_total: -0.2937, train_MDN: -0.2937, val_total: -0.0741, val_MDN: -0.0741
23:25:02  INFO      step: 860, train_time_taken: 7.1118, lr: 0.001000, train_total: -0.3123, train_MDN: -0.3123, val_total: -0.0742, val_MDN: -0.0742
23:25:09  INFO      step: 880, train_time_taken: 7.2625, lr: 0.001000, train_total: -0.3196, train_MDN: -0.3196, val_total: -0.0715, val_MDN: -0.0715
23:25:16  INFO      step: 900, train_time_taken: 7.2156, lr: 0.001000, train_total: -0.2996, train_MDN: -0.2996, val_total: -0.0726, val_MDN: -0.0726
23:25:23  INFO      step: 920, train_time_taken: 7.2560, lr: 0.001000, train_total: -0.3196, train_MDN: -0.3196, val_total: -0.0713, val_MDN: -0.0713
23:25:31  INFO      step: 940, train_time_taken: 7.2177, lr: 0.001000, train_total: -0.3233, train_MDN: -0.3233, val_total: -0.0625, val_MDN: -0.0625
23:25:38  INFO      step: 960, train_time_taken: 7.1913, lr: 0.001000, train_total: -0.3229, train_MDN: -0.3229, val_total: -0.0625, val_MDN: -0.0625
23:25:45  INFO      step: 980, train_time_taken: 7.1867, lr: 0.001000, train_total: -0.3114, train_MDN: -0.3114, val_total: -0.0517, val_MDN: -0.0517
23:25:52  INFO      step: 1000, train_time_taken: 7.1625, lr: 0.001000, train_total: -0.3174, train_MDN: -0.3174, val_total: -0.0503, val_MDN: -0.0503
23:25:52  INFO      Sharding callback duration: 13
23:26:00  INFO      step: 1020, train_time_taken: 7.2631, lr: 0.001000, train_total: -0.3222, train_MDN: -0.3222, val_total: -0.0527, val_MDN: -0.0527
23:26:07  INFO      step: 1040, train_time_taken: 7.1784, lr: 0.001000, train_total: -0.3254, train_MDN: -0.3254, val_total: -0.0382, val_MDN: -0.0382
23:26:14  INFO      step: 1060, train_time_taken: 7.1403, lr: 0.001000, train_total: -0.3434, train_MDN: -0.3434, val_total: -0.0375, val_MDN: -0.0375
23:26:21  INFO      step: 1080, train_time_taken: 7.1636, lr: 0.001000, train_total: -0.3325, train_MDN: -0.3325, val_total: -0.0508, val_MDN: -0.0508
23:26:28  INFO      step: 1100, train_time_taken: 7.2165, lr: 0.001000, train_total: -0.3310, train_MDN: -0.3310, val_total: -0.0564, val_MDN: -0.0564
23:26:35  INFO      step: 1120, train_time_taken: 7.1296, lr: 0.001000, train_total: -0.3251, train_MDN: -0.3251, val_total: -0.0375, val_MDN: -0.0375
23:26:42  INFO      step: 1140, train_time_taken: 7.1231, lr: 0.001000, train_total: -0.3477, train_MDN: -0.3477, val_total: -0.0347, val_MDN: -0.0347
23:26:50  INFO      step: 1160, train_time_taken: 7.1478, lr: 0.001000, train_total: -0.3546, train_MDN: -0.3546, val_total: -0.0342, val_MDN: -0.0342
23:26:57  INFO      step: 1180, train_time_taken: 7.0737, lr: 0.001000, train_total: -0.3439, train_MDN: -0.3439, val_total: -0.0224, val_MDN: -0.0224
23:27:04  INFO      step: 1200, train_time_taken: 7.1238, lr: 0.001000, train_total: -0.3750, train_MDN: -0.3750, val_total: -0.0238, val_MDN: -0.0238
23:27:11  INFO      step: 1220, train_time_taken: 7.1440, lr: 0.001000, train_total: -0.3499, train_MDN: -0.3499, val_total: -0.0287, val_MDN: -0.0287
23:27:18  INFO      step: 1240, train_time_taken: 7.1637, lr: 0.001000, train_total: -0.3603, train_MDN: -0.3603, val_total: -0.0268, val_MDN: -0.0268
23:27:25  INFO      step: 1260, train_time_taken: 7.1401, lr: 0.001000, train_total: -0.3532, train_MDN: -0.3532, val_total: -0.0038, val_MDN: -0.0038
23:27:32  INFO      step: 1280, train_time_taken: 7.1710, lr: 0.001000, train_total: -0.3588, train_MDN: -0.3588, val_total: -0.0026, val_MDN: -0.0026
23:27:40  INFO      step: 1300, train_time_taken: 7.1809, lr: 0.001000, train_total: -0.3878, train_MDN: -0.3878, val_total: -0.0029, val_MDN: -0.0029
23:27:47  INFO      step: 1320, train_time_taken: 7.1327, lr: 0.001000, train_total: -0.3471, train_MDN: -0.3471, val_total: 0.0024, val_MDN: 0.0024
23:27:54  INFO      step: 1340, train_time_taken: 7.1352, lr: 0.001000, train_total: -0.3829, train_MDN: -0.3829, val_total: 0.0093, val_MDN: 0.0093
23:28:01  INFO      step: 1360, train_time_taken: 7.1121, lr: 0.001000, train_total: -0.3512, train_MDN: -0.3512, val_total: -0.0014, val_MDN: -0.0014
23:28:08  INFO      step: 1380, train_time_taken: 7.2084, lr: 0.001000, train_total: -0.3702, train_MDN: -0.3702, val_total: 0.0145, val_MDN: 0.0145
23:28:16  INFO      step: 1400, train_time_taken: 7.2622, lr: 0.001000, train_total: -0.3721, train_MDN: -0.3721, val_total: -0.0157, val_MDN: -0.0157
23:28:23  INFO      step: 1420, train_time_taken: 7.2416, lr: 0.001000, train_total: -0.3621, train_MDN: -0.3621, val_total: 0.0263, val_MDN: 0.0263
23:28:30  INFO      step: 1440, train_time_taken: 7.1619, lr: 0.001000, train_total: -0.3738, train_MDN: -0.3738, val_total: -0.0059, val_MDN: -0.0059
23:28:37  INFO      step: 1460, train_time_taken: 7.1815, lr: 0.001000, train_total: -0.3722, train_MDN: -0.3722, val_total: 0.0172, val_MDN: 0.0172
23:28:44  INFO      step: 1480, train_time_taken: 7.2028, lr: 0.001000, train_total: -0.3899, train_MDN: -0.3899, val_total: 0.0304, val_MDN: 0.0304
23:28:52  INFO      step: 1500, train_time_taken: 7.2663, lr: 0.001000, train_total: -0.3841, train_MDN: -0.3841, val_total: 0.0215, val_MDN: 0.0215
23:28:59  INFO      step: 1520, train_time_taken: 7.2628, lr: 0.001000, train_total: -0.3752, train_MDN: -0.3752, val_total: 0.0225, val_MDN: 0.0225
23:29:06  INFO      step: 1540, train_time_taken: 7.2255, lr: 0.001000, train_total: -0.3804, train_MDN: -0.3804, val_total: 0.0134, val_MDN: 0.0134
23:29:13  INFO      step: 1560, train_time_taken: 7.3493, lr: 0.001000, train_total: -0.3962, train_MDN: -0.3962, val_total: 0.0217, val_MDN: 0.0217
23:29:21  INFO      step: 1580, train_time_taken: 7.3542, lr: 0.001000, train_total: -0.3941, train_MDN: -0.3941, val_total: 0.0421, val_MDN: 0.0421
23:29:28  INFO      step: 1600, train_time_taken: 7.2920, lr: 0.001000, train_total: -0.3763, train_MDN: -0.3763, val_total: 0.0386, val_MDN: 0.0386
23:29:35  INFO      step: 1620, train_time_taken: 7.3351, lr: 0.001000, train_total: -0.3697, train_MDN: -0.3697, val_total: 0.0312, val_MDN: 0.0312
23:29:43  INFO      step: 1640, train_time_taken: 7.2384, lr: 0.001000, train_total: -0.3748, train_MDN: -0.3748, val_total: 0.0363, val_MDN: 0.0363
23:29:52  INFO      step: 1660, train_time_taken: 8.9748, lr: 0.001000, train_total: -0.3931, train_MDN: -0.3931, val_total: 0.0446, val_MDN: 0.0446
23:29:59  INFO      step: 1680, train_time_taken: 7.1513, lr: 0.001000, train_total: -0.4137, train_MDN: -0.4137, val_total: 0.0771, val_MDN: 0.0771
23:30:06  INFO      step: 1700, train_time_taken: 7.1920, lr: 0.001000, train_total: -0.4080, train_MDN: -0.4080, val_total: 0.0599, val_MDN: 0.0599
23:30:13  INFO      step: 1720, train_time_taken: 7.2343, lr: 0.001000, train_total: -0.3950, train_MDN: -0.3950, val_total: 0.0271, val_MDN: 0.0271
23:30:20  INFO      step: 1740, train_time_taken: 7.2062, lr: 0.001000, train_total: -0.3884, train_MDN: -0.3884, val_total: 0.0633, val_MDN: 0.0633
23:30:28  INFO      step: 1760, train_time_taken: 7.2099, lr: 0.001000, train_total: -0.3762, train_MDN: -0.3762, val_total: 0.0592, val_MDN: 0.0592
23:30:35  INFO      step: 1780, train_time_taken: 7.2101, lr: 0.001000, train_total: -0.4208, train_MDN: -0.4208, val_total: 0.0466, val_MDN: 0.0466
23:30:42  INFO      step: 1800, train_time_taken: 7.1623, lr: 0.001000, train_total: -0.4174, train_MDN: -0.4174, val_total: 0.0662, val_MDN: 0.0662
23:30:49  INFO      step: 1820, train_time_taken: 7.2210, lr: 0.001000, train_total: -0.3849, train_MDN: -0.3849, val_total: 0.0771, val_MDN: 0.0771
23:30:56  INFO      step: 1840, train_time_taken: 7.2310, lr: 0.001000, train_total: -0.3934, train_MDN: -0.3934, val_total: 0.0643, val_MDN: 0.0643
23:31:04  INFO      step: 1860, train_time_taken: 7.2220, lr: 0.001000, train_total: -0.4044, train_MDN: -0.4044, val_total: 0.0543, val_MDN: 0.0543
23:31:11  INFO      step: 1880, train_time_taken: 7.1580, lr: 0.001000, train_total: -0.3998, train_MDN: -0.3998, val_total: 0.0760, val_MDN: 0.0760
23:31:18  INFO      step: 1900, train_time_taken: 7.1357, lr: 0.001000, train_total: -0.4018, train_MDN: -0.4018, val_total: 0.0906, val_MDN: 0.0906
23:31:25  INFO      step: 1920, train_time_taken: 7.2001, lr: 0.001000, train_total: -0.3928, train_MDN: -0.3928, val_total: 0.0708, val_MDN: 0.0708
23:31:32  INFO      step: 1940, train_time_taken: 7.1896, lr: 0.001000, train_total: -0.4334, train_MDN: -0.4334, val_total: 0.0706, val_MDN: 0.0706
23:31:39  INFO      step: 1960, train_time_taken: 7.1738, lr: 0.001000, train_total: -0.4174, train_MDN: -0.4174, val_total: 0.0694, val_MDN: 0.0694
23:31:47  INFO      step: 1980, train_time_taken: 7.1828, lr: 0.001000, train_total: -0.4084, train_MDN: -0.4084, val_total: 0.0650, val_MDN: 0.0650
23:31:54  INFO      step: 2000, train_time_taken: 7.1645, lr: 0.001000, train_total: -0.4104, train_MDN: -0.4104, val_total: 0.0842, val_MDN: 0.0842
23:31:54  INFO      Sharding callback duration: 11
23:32:01  INFO      step: 2020, train_time_taken: 7.3027, lr: 0.001000, train_total: -0.4079, train_MDN: -0.4079, val_total: 0.0998, val_MDN: 0.0998
23:32:08  INFO      step: 2040, train_time_taken: 7.1508, lr: 0.001000, train_total: -0.3864, train_MDN: -0.3864, val_total: 0.0913, val_MDN: 0.0913
23:32:15  INFO      step: 2060, train_time_taken: 7.2192, lr: 0.001000, train_total: -0.4018, train_MDN: -0.4018, val_total: 0.0911, val_MDN: 0.0911
23:32:23  INFO      step: 2080, train_time_taken: 7.1760, lr: 0.001000, train_total: -0.4211, train_MDN: -0.4211, val_total: 0.0965, val_MDN: 0.0965
23:32:30  INFO      step: 2100, train_time_taken: 7.1551, lr: 0.001000, train_total: -0.4180, train_MDN: -0.4180, val_total: 0.0953, val_MDN: 0.0953
23:32:37  INFO      step: 2120, train_time_taken: 7.2095, lr: 0.001000, train_total: -0.4219, train_MDN: -0.4219, val_total: 0.1132, val_MDN: 0.1132
23:32:44  INFO      step: 2140, train_time_taken: 7.1634, lr: 0.001000, train_total: -0.4167, train_MDN: -0.4167, val_total: 0.0831, val_MDN: 0.0831
23:32:51  INFO      step: 2160, train_time_taken: 7.1499, lr: 0.001000, train_total: -0.4034, train_MDN: -0.4034, val_total: 0.1122, val_MDN: 0.1122
23:32:58  INFO      step: 2180, train_time_taken: 7.1223, lr: 0.001000, train_total: -0.4224, train_MDN: -0.4224, val_total: 0.0864, val_MDN: 0.0864
23:33:06  INFO      step: 2200, train_time_taken: 7.2142, lr: 0.001000, train_total: -0.4063, train_MDN: -0.4063, val_total: 0.1172, val_MDN: 0.1172
23:33:13  INFO      step: 2220, train_time_taken: 7.2267, lr: 0.001000, train_total: -0.4166, train_MDN: -0.4166, val_total: 0.1132, val_MDN: 0.1132
23:33:20  INFO      step: 2240, train_time_taken: 7.2170, lr: 0.001000, train_total: -0.4214, train_MDN: -0.4214, val_total: 0.1073, val_MDN: 0.1073
23:33:27  INFO      step: 2260, train_time_taken: 7.2291, lr: 0.001000, train_total: -0.4265, train_MDN: -0.4265, val_total: 0.1084, val_MDN: 0.1084
23:33:35  INFO      step: 2280, train_time_taken: 7.2571, lr: 0.001000, train_total: -0.4159, train_MDN: -0.4159, val_total: 0.0987, val_MDN: 0.0987
23:33:42  INFO      step: 2300, train_time_taken: 7.3601, lr: 0.001000, train_total: -0.4374, train_MDN: -0.4374, val_total: 0.1287, val_MDN: 0.1287
23:33:49  INFO      step: 2320, train_time_taken: 7.3473, lr: 0.001000, train_total: -0.4069, train_MDN: -0.4069, val_total: 0.1052, val_MDN: 0.1052
23:33:57  INFO      step: 2340, train_time_taken: 7.2693, lr: 0.001000, train_total: -0.4163, train_MDN: -0.4163, val_total: 0.1301, val_MDN: 0.1301
23:34:04  INFO      step: 2360, train_time_taken: 7.2621, lr: 0.001000, train_total: -0.4362, train_MDN: -0.4362, val_total: 0.1308, val_MDN: 0.1308
23:34:11  INFO      step: 2380, train_time_taken: 7.2027, lr: 0.001000, train_total: -0.4205, train_MDN: -0.4205, val_total: 0.1190, val_MDN: 0.1190
23:34:18  INFO      step: 2400, train_time_taken: 7.2243, lr: 0.001000, train_total: -0.4316, train_MDN: -0.4316, val_total: 0.1208, val_MDN: 0.1208
23:34:26  INFO      step: 2420, train_time_taken: 7.3371, lr: 0.001000, train_total: -0.4309, train_MDN: -0.4309, val_total: 0.1257, val_MDN: 0.1257
23:34:33  INFO      step: 2440, train_time_taken: 7.2144, lr: 0.001000, train_total: -0.4187, train_MDN: -0.4187, val_total: 0.1184, val_MDN: 0.1184
23:34:40  INFO      step: 2460, train_time_taken: 7.2951, lr: 0.001000, train_total: -0.4303, train_MDN: -0.4303, val_total: 0.1308, val_MDN: 0.1308
23:34:47  INFO      step: 2480, train_time_taken: 7.3110, lr: 0.001000, train_total: -0.4369, train_MDN: -0.4369, val_total: 0.1367, val_MDN: 0.1367
23:34:55  INFO      step: 2500, train_time_taken: 7.2043, lr: 0.001000, train_total: -0.4323, train_MDN: -0.4323, val_total: 0.1321, val_MDN: 0.1321
23:35:02  INFO      step: 2520, train_time_taken: 7.2790, lr: 0.001000, train_total: -0.4209, train_MDN: -0.4209, val_total: 0.1525, val_MDN: 0.1525
23:35:09  INFO      step: 2540, train_time_taken: 7.2420, lr: 0.001000, train_total: -0.4229, train_MDN: -0.4229, val_total: 0.1401, val_MDN: 0.1401
23:35:16  INFO      step: 2560, train_time_taken: 7.3152, lr: 0.001000, train_total: -0.4281, train_MDN: -0.4281, val_total: 0.1313, val_MDN: 0.1313
23:35:24  INFO      step: 2580, train_time_taken: 7.2214, lr: 0.001000, train_total: -0.4302, train_MDN: -0.4302, val_total: 0.1428, val_MDN: 0.1428
23:35:31  INFO      step: 2600, train_time_taken: 7.2471, lr: 0.001000, train_total: -0.4473, train_MDN: -0.4473, val_total: 0.1603, val_MDN: 0.1603
23:35:38  INFO      step: 2620, train_time_taken: 7.2691, lr: 0.001000, train_total: -0.4378, train_MDN: -0.4378, val_total: 0.1502, val_MDN: 0.1502
23:35:45  INFO      step: 2640, train_time_taken: 7.2249, lr: 0.001000, train_total: -0.4224, train_MDN: -0.4224, val_total: 0.1250, val_MDN: 0.1250
23:35:53  INFO      step: 2660, train_time_taken: 7.1714, lr: 0.001000, train_total: -0.4315, train_MDN: -0.4315, val_total: 0.1534, val_MDN: 0.1534
23:36:00  INFO      step: 2680, train_time_taken: 7.1755, lr: 0.001000, train_total: -0.4329, train_MDN: -0.4329, val_total: 0.1510, val_MDN: 0.1510
23:36:07  INFO      step: 2700, train_time_taken: 7.1603, lr: 0.001000, train_total: -0.4300, train_MDN: -0.4300, val_total: 0.1568, val_MDN: 0.1568
23:36:14  INFO      step: 2720, train_time_taken: 7.2313, lr: 0.001000, train_total: -0.4447, train_MDN: -0.4447, val_total: 0.1538, val_MDN: 0.1538
23:36:21  INFO      step: 2740, train_time_taken: 7.1743, lr: 0.001000, train_total: -0.4400, train_MDN: -0.4400, val_total: 0.1532, val_MDN: 0.1532
23:36:29  INFO      step: 2760, train_time_taken: 7.2280, lr: 0.001000, train_total: -0.4447, train_MDN: -0.4447, val_total: 0.1778, val_MDN: 0.1778
23:36:36  INFO      step: 2780, train_time_taken: 7.1820, lr: 0.001000, train_total: -0.4120, train_MDN: -0.4120, val_total: 0.1563, val_MDN: 0.1563
23:36:43  INFO      step: 2800, train_time_taken: 7.2721, lr: 0.001000, train_total: -0.4528, train_MDN: -0.4528, val_total: 0.1703, val_MDN: 0.1703
23:36:50  INFO      step: 2820, train_time_taken: 7.2192, lr: 0.001000, train_total: -0.4432, train_MDN: -0.4432, val_total: 0.1793, val_MDN: 0.1793
23:36:57  INFO      step: 2840, train_time_taken: 7.2594, lr: 0.001000, train_total: -0.4398, train_MDN: -0.4398, val_total: 0.1524, val_MDN: 0.1524
23:37:05  INFO      step: 2860, train_time_taken: 7.2235, lr: 0.001000, train_total: -0.4515, train_MDN: -0.4515, val_total: 0.1426, val_MDN: 0.1426
23:37:12  INFO      step: 2880, train_time_taken: 7.2428, lr: 0.001000, train_total: -0.4522, train_MDN: -0.4522, val_total: 0.1561, val_MDN: 0.1561
23:37:19  INFO      step: 2900, train_time_taken: 7.2368, lr: 0.001000, train_total: -0.4328, train_MDN: -0.4328, val_total: 0.1873, val_MDN: 0.1873
23:37:26  INFO      step: 2920, train_time_taken: 7.2543, lr: 0.001000, train_total: -0.4541, train_MDN: -0.4541, val_total: 0.1653, val_MDN: 0.1653
23:37:34  INFO      step: 2940, train_time_taken: 7.2839, lr: 0.001000, train_total: -0.4629, train_MDN: -0.4629, val_total: 0.1794, val_MDN: 0.1794
23:37:41  INFO      step: 2960, train_time_taken: 7.2302, lr: 0.001000, train_total: -0.4338, train_MDN: -0.4338, val_total: 0.1590, val_MDN: 0.1590
23:37:48  INFO      step: 2980, train_time_taken: 7.2449, lr: 0.001000, train_total: -0.4555, train_MDN: -0.4555, val_total: 0.1784, val_MDN: 0.1784
23:37:55  INFO      step: 3000, train_time_taken: 7.2256, lr: 0.001000, train_total: -0.4491, train_MDN: -0.4491, val_total: 0.1674, val_MDN: 0.1674
23:37:55  INFO      Sharding callback duration: 15
23:38:03  INFO      step: 3020, train_time_taken: 7.2846, lr: 0.001000, train_total: -0.4566, train_MDN: -0.4566, val_total: 0.1837, val_MDN: 0.1837
23:38:10  INFO      step: 3040, train_time_taken: 7.2218, lr: 0.001000, train_total: -0.4678, train_MDN: -0.4678, val_total: 0.1829, val_MDN: 0.1829
23:38:17  INFO      step: 3060, train_time_taken: 7.1622, lr: 0.001000, train_total: -0.4418, train_MDN: -0.4418, val_total: 0.1834, val_MDN: 0.1834
23:38:24  INFO      step: 3080, train_time_taken: 7.1497, lr: 0.001000, train_total: -0.4487, train_MDN: -0.4487, val_total: 0.2112, val_MDN: 0.2112
23:38:32  INFO      step: 3100, train_time_taken: 7.2364, lr: 0.001000, train_total: -0.4701, train_MDN: -0.4701, val_total: 0.1707, val_MDN: 0.1707
23:38:39  INFO      step: 3120, train_time_taken: 7.2842, lr: 0.001000, train_total: -0.4469, train_MDN: -0.4469, val_total: 0.1675, val_MDN: 0.1675
23:38:46  INFO      step: 3140, train_time_taken: 7.1937, lr: 0.001000, train_total: -0.4405, train_MDN: -0.4405, val_total: 0.1778, val_MDN: 0.1778
23:38:53  INFO      step: 3160, train_time_taken: 7.2629, lr: 0.001000, train_total: -0.4507, train_MDN: -0.4507, val_total: 0.2082, val_MDN: 0.2082
23:39:01  INFO      step: 3180, train_time_taken: 7.3610, lr: 0.001000, train_total: -0.4470, train_MDN: -0.4470, val_total: 0.2030, val_MDN: 0.2030
23:39:08  INFO      step: 3200, train_time_taken: 7.2580, lr: 0.001000, train_total: -0.4585, train_MDN: -0.4585, val_total: 0.2052, val_MDN: 0.2052
23:39:15  INFO      step: 3220, train_time_taken: 7.1775, lr: 0.001000, train_total: -0.4425, train_MDN: -0.4425, val_total: 0.1893, val_MDN: 0.1893
23:39:22  INFO      step: 3240, train_time_taken: 7.2558, lr: 0.001000, train_total: -0.4488, train_MDN: -0.4488, val_total: 0.2109, val_MDN: 0.2109
23:39:30  INFO      step: 3260, train_time_taken: 7.2420, lr: 0.001000, train_total: -0.4550, train_MDN: -0.4550, val_total: 0.2238, val_MDN: 0.2238
23:39:37  INFO      step: 3280, train_time_taken: 7.2480, lr: 0.001000, train_total: -0.4625, train_MDN: -0.4625, val_total: 0.2032, val_MDN: 0.2032
23:39:44  INFO      step: 3300, train_time_taken: 7.1805, lr: 0.001000, train_total: -0.4592, train_MDN: -0.4592, val_total: 0.2146, val_MDN: 0.2146
23:39:51  INFO      step: 3320, train_time_taken: 7.2215, lr: 0.001000, train_total: -0.4442, train_MDN: -0.4442, val_total: 0.1999, val_MDN: 0.1999
23:39:58  INFO      step: 3340, train_time_taken: 7.1859, lr: 0.001000, train_total: -0.4449, train_MDN: -0.4449, val_total: 0.2006, val_MDN: 0.2006
23:40:06  INFO      step: 3360, train_time_taken: 7.2042, lr: 0.001000, train_total: -0.4578, train_MDN: -0.4578, val_total: 0.2401, val_MDN: 0.2401
23:40:13  INFO      step: 3380, train_time_taken: 7.1485, lr: 0.001000, train_total: -0.4604, train_MDN: -0.4604, val_total: 0.2068, val_MDN: 0.2068
23:40:20  INFO      step: 3400, train_time_taken: 7.5079, lr: 0.001000, train_total: -0.4599, train_MDN: -0.4599, val_total: 0.2151, val_MDN: 0.2151
23:40:27  INFO      step: 3420, train_time_taken: 7.1771, lr: 0.001000, train_total: -0.4678, train_MDN: -0.4678, val_total: 0.2042, val_MDN: 0.2042
23:40:35  INFO      step: 3440, train_time_taken: 7.1741, lr: 0.001000, train_total: -0.4626, train_MDN: -0.4626, val_total: 0.2135, val_MDN: 0.2135
23:40:42  INFO      step: 3460, train_time_taken: 7.2434, lr: 0.001000, train_total: -0.4485, train_MDN: -0.4485, val_total: 0.2039, val_MDN: 0.2039
23:40:49  INFO      step: 3480, train_time_taken: 7.2194, lr: 0.001000, train_total: -0.4476, train_MDN: -0.4476, val_total: 0.1989, val_MDN: 0.1989
23:40:56  INFO      step: 3500, train_time_taken: 7.4130, lr: 0.001000, train_total: -0.4540, train_MDN: -0.4540, val_total: 0.2226, val_MDN: 0.2226
23:41:04  INFO      step: 3520, train_time_taken: 7.3581, lr: 0.001000, train_total: -0.4717, train_MDN: -0.4717, val_total: 0.2426, val_MDN: 0.2426
23:41:11  INFO      step: 3540, train_time_taken: 7.3194, lr: 0.001000, train_total: -0.4564, train_MDN: -0.4564, val_total: 0.1954, val_MDN: 0.1954
23:41:18  INFO      step: 3560, train_time_taken: 7.3286, lr: 0.001000, train_total: -0.4518, train_MDN: -0.4518, val_total: 0.2064, val_MDN: 0.2064
23:41:26  INFO      step: 3580, train_time_taken: 7.3217, lr: 0.001000, train_total: -0.4633, train_MDN: -0.4633, val_total: 0.2507, val_MDN: 0.2507
23:41:33  INFO      step: 3600, train_time_taken: 7.3549, lr: 0.001000, train_total: -0.4521, train_MDN: -0.4521, val_total: 0.2335, val_MDN: 0.2335
23:41:40  INFO      step: 3620, train_time_taken: 7.3163, lr: 0.001000, train_total: -0.4586, train_MDN: -0.4586, val_total: 0.2066, val_MDN: 0.2066
23:41:48  INFO      step: 3640, train_time_taken: 7.2730, lr: 0.001000, train_total: -0.4639, train_MDN: -0.4639, val_total: 0.2409, val_MDN: 0.2409
23:41:55  INFO      step: 3660, train_time_taken: 7.2263, lr: 0.001000, train_total: -0.4733, train_MDN: -0.4733, val_total: 0.2086, val_MDN: 0.2086
23:42:02  INFO      step: 3680, train_time_taken: 7.2548, lr: 0.001000, train_total: -0.4538, train_MDN: -0.4538, val_total: 0.2095, val_MDN: 0.2095
23:42:09  INFO      step: 3700, train_time_taken: 7.2759, lr: 0.001000, train_total: -0.4788, train_MDN: -0.4788, val_total: 0.2086, val_MDN: 0.2086
23:42:17  INFO      step: 3720, train_time_taken: 7.2637, lr: 0.001000, train_total: -0.4515, train_MDN: -0.4515, val_total: 0.2119, val_MDN: 0.2119
23:42:24  INFO      step: 3740, train_time_taken: 7.2694, lr: 0.001000, train_total: -0.4712, train_MDN: -0.4712, val_total: 0.2402, val_MDN: 0.2402
23:42:31  INFO      step: 3760, train_time_taken: 7.3257, lr: 0.001000, train_total: -0.4614, train_MDN: -0.4614, val_total: 0.2123, val_MDN: 0.2123
23:42:39  INFO      step: 3780, train_time_taken: 7.3728, lr: 0.001000, train_total: -0.4560, train_MDN: -0.4560, val_total: 0.2359, val_MDN: 0.2359
23:42:46  INFO      step: 3800, train_time_taken: 7.3502, lr: 0.001000, train_total: -0.4601, train_MDN: -0.4601, val_total: 0.2306, val_MDN: 0.2306
23:42:53  INFO      step: 3820, train_time_taken: 7.3213, lr: 0.001000, train_total: -0.4555, train_MDN: -0.4555, val_total: 0.2534, val_MDN: 0.2534
23:43:01  INFO      step: 3840, train_time_taken: 7.2662, lr: 0.001000, train_total: -0.4578, train_MDN: -0.4578, val_total: 0.2307, val_MDN: 0.2307
23:43:08  INFO      step: 3860, train_time_taken: 7.2825, lr: 0.001000, train_total: -0.4707, train_MDN: -0.4707, val_total: 0.2307, val_MDN: 0.2307
23:43:15  INFO      step: 3880, train_time_taken: 7.3030, lr: 0.001000, train_total: -0.4679, train_MDN: -0.4679, val_total: 0.2418, val_MDN: 0.2418
23:43:23  INFO      step: 3900, train_time_taken: 7.3022, lr: 0.001000, train_total: -0.4542, train_MDN: -0.4542, val_total: 0.2573, val_MDN: 0.2573
23:43:30  INFO      step: 3920, train_time_taken: 7.3016, lr: 0.001000, train_total: -0.4627, train_MDN: -0.4627, val_total: 0.2312, val_MDN: 0.2312
23:43:37  INFO      step: 3940, train_time_taken: 7.2838, lr: 0.001000, train_total: -0.4713, train_MDN: -0.4713, val_total: 0.2366, val_MDN: 0.2366
23:43:44  INFO      step: 3960, train_time_taken: 7.1857, lr: 0.001000, train_total: -0.4595, train_MDN: -0.4595, val_total: 0.2484, val_MDN: 0.2484
23:43:52  INFO      step: 3980, train_time_taken: 7.2810, lr: 0.001000, train_total: -0.4783, train_MDN: -0.4783, val_total: 0.2389, val_MDN: 0.2389
23:43:57  INFO      Sharding callback duration: 12
23:43:57  INFO      Saved final training checkpoint to /network/scratch/h/hengh/AGILE-WM/results/WorldModels/CarRacing-v0/tf_rnn_training_checkpoints/ckpt-4000
INFO:tensorflow:Assets written to: /network/scratch/h/hengh/AGILE-WM/results/WorldModels/CarRacing-v0/tf_rnn/assets
23:43:57  INFO      Assets written to: /network/scratch/h/hengh/AGILE-WM/results/WorldModels/CarRacing-v0/tf_rnn/assets
23:43:57  WARNING   Skipping tf_initial_z export because the RNN is trained on CBP-fused latents (dim 544) rather than VAE latents (dim 32).
