[=== Module python/3.10 loaded ===]
Using CPython 3.10.11 interpreter at: /cvmfs/ai.mila.quebec/apps/arch/distro/python/3.10/bin/python3.10
Creating virtual environment at: /tmp/agile-wm-rnn-9273613/series-env
Activate with: source /tmp/agile-wm-rnn-9273613/series-env/bin/activate
Checked 66 packages in 109ms
Using Python 3.10.11 environment at: /tmp/agile-wm-rnn-9273613/series-env
Resolved 27 packages in 583ms
Downloading networkx (1.6MiB)
Downloading pillow (6.7MiB)
Downloading numpy (16.0MiB)
 Downloaded pillow
 Downloaded networkx
 Downloaded numpy
Prepared 9 packages in 1.54s
Installed 27 packages in 20.18s
 + filelock==3.25.2
 + fsspec==2026.2.0
 + jinja2==3.1.6
 + markupsafe==3.0.3
 + mpmath==1.3.0
 + networkx==3.4.2
 + numpy==2.2.6
 + nvidia-cublas-cu12==12.4.5.8
 + nvidia-cuda-cupti-cu12==12.4.127
 + nvidia-cuda-nvrtc-cu12==12.4.127
 + nvidia-cuda-runtime-cu12==12.4.127
 + nvidia-cudnn-cu12==9.1.0.70
 + nvidia-cufft-cu12==11.2.1.3
 + nvidia-curand-cu12==10.3.5.147
 + nvidia-cusolver-cu12==11.6.1.9
 + nvidia-cusparse-cu12==12.3.1.170
 + nvidia-cusparselt-cu12==0.6.2
 + nvidia-nccl-cu12==2.21.5
 + nvidia-nvjitlink-cu12==12.4.127
 + nvidia-nvtx-cu12==12.4.127
 + pillow==12.1.1
 + sympy==1.13.1
 + torch==2.6.0+cu124
 + torchaudio==2.6.0+cu124
 + torchvision==0.21.0+cu124
 + triton==3.2.0
 + typing-extensions==4.15.0
Using Python 3.10.11 environment at: /tmp/agile-wm-rnn-9273613/series-env
Resolved 52 packages in 261ms
Prepared 1 package in 315ms
Installed 27 packages in 4.31s
 + accelerate==1.13.0
 + annotated-doc==0.0.4
 + anyio==4.13.0
 + certifi==2026.2.25
 + click==8.3.2
 + exceptiongroup==1.3.1
 + h11==0.16.0
 + hf-xet==1.4.3
 + httpcore==1.0.9
 + httpx==0.28.1
 + huggingface-hub==1.10.2
 + idna==3.11
 + markdown-it-py==4.0.0
 + mdurl==0.1.2
 + packaging==26.1
 + peft==0.19.0
 + psutil==7.2.2
 + pygments==2.20.0
 + pyyaml==6.0.3
 + regex==2026.4.4
 + rich==15.0.0
 + safetensors==0.7.0
 + shellingham==1.5.4
 + tokenizers==0.22.2
 + tqdm==4.67.3
 + transformers==5.5.4
 + typer==0.24.1
Using Python 3.10.11 environment at: /tmp/agile-wm-rnn-9273613/series-env
Resolved 44 packages in 197ms
Prepared 1 package in 636ms
Uninstalled 1 package in 37ms
Installed 35 packages in 28.66s
 + absl-py==2.4.0
 + astunparse==1.6.3
 + attrs==26.1.0
 + charset-normalizer==3.4.7
 + cloudpickle==3.1.2
 + decorator==5.2.1
 + dm-tree==0.1.10
 + flatbuffers==25.12.19
 + gast==0.7.0
 + google-pasta==0.2.0
 + grpcio==1.80.0
 + h5py==3.16.0
 + keras==3.12.1
 + libclang==18.1.1
 + markdown==3.10.2
 + ml-dtypes==0.5.4
 + namex==0.1.0
 - numpy==2.2.6
 + numpy==2.0.2
 + opt-einsum==3.4.0
 + optree==0.19.0
 + protobuf==5.29.6
 + requests==2.33.1
 + setuptools==82.0.1
 + six==1.17.0
 + tensorboard==2.18.0
 + tensorboard-data-server==0.7.2
 + tensorflow==2.18.1
 + tensorflow-io-gcs-filesystem==0.37.1
 + tensorflow-probability==0.25.0
 + termcolor==3.3.0
 + tf-keras==2.18.0
 + urllib3==2.6.3
 + werkzeug==3.1.8
 + wheel==0.46.3
 + wrapt==2.1.2
2026-04-14 23:13:58.748963: I tensorflow/core/util/port.cc:153] oneDNN custom operations are on. You may see slightly different numerical results due to floating-point round-off errors from different computation orders. To turn them off, set the environment variable `TF_ENABLE_ONEDNN_OPTS=0`.
2026-04-14 23:13:58.761813: E external/local_xla/xla/stream_executor/cuda/cuda_fft.cc:477] Unable to register cuFFT factory: Attempting to register factory for plugin cuFFT when one has already been registered
WARNING: All log messages before absl::InitializeLog() is called are written to STDERR
E0000 00:00:1776222838.777048  291159 cuda_dnn.cc:8310] Unable to register cuDNN factory: Attempting to register factory for plugin cuDNN when one has already been registered
E0000 00:00:1776222838.781631  291159 cuda_blas.cc:1418] Unable to register cuBLAS factory: Attempting to register factory for plugin cuBLAS when one has already been registered
2026-04-14 23:13:58.797308: I tensorflow/core/platform/cpu_feature_guard.cc:210] This TensorFlow binary is optimized to use available CPU instructions in performance-critical operations.
To enable the following instructions: AVX2 AVX512F AVX512_VNNI FMA, in other operations, rebuild TensorFlow with the appropriate compiler flags.
2026-04-14 23:14:10.652262: I tensorflow/core/util/port.cc:153] oneDNN custom operations are on. You may see slightly different numerical results due to floating-point round-off errors from different computation orders. To turn them off, set the environment variable `TF_ENABLE_ONEDNN_OPTS=0`.
2026-04-14 23:14:10.667119: E external/local_xla/xla/stream_executor/cuda/cuda_fft.cc:477] Unable to register cuFFT factory: Attempting to register factory for plugin cuFFT when one has already been registered
WARNING: All log messages before absl::InitializeLog() is called are written to STDERR
E0000 00:00:1776222850.684083  291180 cuda_dnn.cc:8310] Unable to register cuDNN factory: Attempting to register factory for plugin cuDNN when one has already been registered
E0000 00:00:1776222850.689329  291180 cuda_blas.cc:1418] Unable to register cuBLAS factory: Attempting to register factory for plugin cuBLAS when one has already been registered
2026-04-14 23:14:10.706053: I tensorflow/core/platform/cpu_feature_guard.cc:210] This TensorFlow binary is optimized to use available CPU instructions in performance-critical operations.
To enable the following instructions: AVX2 AVX512F AVX512_VNNI FMA, in other operations, rebuild TensorFlow with the appropriate compiler flags.
23:14:20  WARNING   Discarding the first 50 frames and trimming the last 10 frames of each rollout to keep 940 frames divisible by chunk_size=20.
Traceback (most recent call last):
  File "/home/mila/h/hengh/CODE/AGILE-WM/series.py", line 439, in <module>
    preprocess_rollouts(parse_args())
  File "/home/mila/h/hengh/CODE/AGILE-WM/series.py", line 301, in preprocess_rollouts
    raise FileNotFoundError(f"CBP state not found: {cbp_state_path}")
FileNotFoundError: CBP state not found: /home/mila/h/hengh/CODE/AGILE-WM/fusion_reconstruction_runs/shard0_ep5_cbp544/cbp_state.npz
