[=== Module python/3.10 loaded ===]
Using CPython 3.10.11 interpreter at: /cvmfs/ai.mila.quebec/apps/arch/distro/python/3.10/bin/python3.10
Creating virtual environment at: /tmp/agile-wm-rnn-9273597/series-env
Activate with: source /tmp/agile-wm-rnn-9273597/series-env/bin/activate
Checked 66 packages in 47ms
Using Python 3.10.11 environment at: /tmp/agile-wm-rnn-9273597/series-env
Resolved 33 packages in 24ms
Installed 33 packages in 14.75s
 + cuda-bindings==13.2.0
 + cuda-pathfinder==1.5.3
 + cuda-toolkit==13.0.2
 + filelock==3.28.0
 + fsspec==2026.3.0
 + jinja2==3.1.6
 + markupsafe==3.0.3
 + mpmath==1.3.0
 + networkx==3.4.2
 + numpy==2.2.6
 + nvidia-cublas==13.1.0.3
 + nvidia-cuda-cupti==13.0.85
 + nvidia-cuda-nvrtc==13.0.88
 + nvidia-cuda-runtime==13.0.96
 + nvidia-cudnn-cu13==9.19.0.56
 + nvidia-cufft==12.0.0.61
 + nvidia-cufile==1.15.1.6
 + nvidia-curand==10.4.0.35
 + nvidia-cusolver==12.0.4.66
 + nvidia-cusparse==12.6.3.3
 + nvidia-cusparselt-cu13==0.8.0
 + nvidia-nccl-cu13==2.28.9
 + nvidia-nvjitlink==13.0.88
 + nvidia-nvshmem-cu13==3.4.5
 + nvidia-nvtx==13.0.85
 + pillow==12.2.0
 + setuptools==81.0.0
 + sympy==1.14.0
 + torch==2.11.0
 + torchaudio==2.11.0
 + torchvision==0.26.0
 + triton==3.6.0
 + typing-extensions==4.15.0
Using Python 3.10.11 environment at: /tmp/agile-wm-rnn-9273597/series-env
Resolved 44 packages in 47ms
Uninstalled 1 package in 29ms
Installed 41 packages in 18.06s
 + absl-py==2.4.0
 + astunparse==1.6.3
 + attrs==26.1.0
 + certifi==2026.2.25
 + charset-normalizer==3.4.7
 + cloudpickle==3.1.2
 + decorator==5.2.1
 + dm-tree==0.1.10
 + flatbuffers==25.12.19
 + gast==0.7.0
 + google-pasta==0.2.0
 + grpcio==1.80.0
 + h5py==3.16.0
 + idna==3.11
 + keras==3.12.1
 + libclang==18.1.1
 + markdown==3.10.2
 + markdown-it-py==4.0.0
 + mdurl==0.1.2
 + ml-dtypes==0.5.4
 + namex==0.1.0
 - numpy==2.2.6
 + numpy==2.0.2
 + opt-einsum==3.4.0
 + optree==0.19.0
 + packaging==26.1
 + protobuf==5.29.6
 + pygments==2.20.0
 + requests==2.33.1
 + rich==15.0.0
 + six==1.17.0
 + tensorboard==2.18.0
 + tensorboard-data-server==0.7.2
 + tensorflow==2.18.1
 + tensorflow-io-gcs-filesystem==0.37.1
 + tensorflow-probability==0.25.0
 + termcolor==3.3.0
 + tf-keras==2.18.0
 + urllib3==2.6.3
 + werkzeug==3.1.8
 + wheel==0.46.3
 + wrapt==2.1.2
2026-04-14 23:09:33.161578: I tensorflow/core/util/port.cc:153] oneDNN custom operations are on. You may see slightly different numerical results due to floating-point round-off errors from different computation orders. To turn them off, set the environment variable `TF_ENABLE_ONEDNN_OPTS=0`.
2026-04-14 23:09:33.163155: I external/local_xla/xla/tsl/cuda/cudart_stub.cc:32] Could not find cuda drivers on your machine, GPU will not be used.
2026-04-14 23:09:33.166958: I external/local_xla/xla/tsl/cuda/cudart_stub.cc:32] Could not find cuda drivers on your machine, GPU will not be used.
2026-04-14 23:09:33.176671: E external/local_xla/xla/stream_executor/cuda/cuda_fft.cc:477] Unable to register cuFFT factory: Attempting to register factory for plugin cuFFT when one has already been registered
WARNING: All log messages before absl::InitializeLog() is called are written to STDERR
E0000 00:00:1776222573.194330 2140253 cuda_dnn.cc:8310] Unable to register cuDNN factory: Attempting to register factory for plugin cuDNN when one has already been registered
E0000 00:00:1776222573.199437 2140253 cuda_blas.cc:1418] Unable to register cuBLAS factory: Attempting to register factory for plugin cuBLAS when one has already been registered
2026-04-14 23:09:33.217023: I tensorflow/core/platform/cpu_feature_guard.cc:210] This TensorFlow binary is optimized to use available CPU instructions in performance-critical operations.
To enable the following instructions: AVX2 AVX512F AVX512_VNNI FMA, in other operations, rebuild TensorFlow with the appropriate compiler flags.
2026-04-14 23:09:46.917533: I tensorflow/core/util/port.cc:153] oneDNN custom operations are on. You may see slightly different numerical results due to floating-point round-off errors from different computation orders. To turn them off, set the environment variable `TF_ENABLE_ONEDNN_OPTS=0`.
2026-04-14 23:09:46.919762: I external/local_xla/xla/tsl/cuda/cudart_stub.cc:32] Could not find cuda drivers on your machine, GPU will not be used.
2026-04-14 23:09:46.923831: I external/local_xla/xla/tsl/cuda/cudart_stub.cc:32] Could not find cuda drivers on your machine, GPU will not be used.
2026-04-14 23:09:46.934858: E external/local_xla/xla/stream_executor/cuda/cuda_fft.cc:477] Unable to register cuFFT factory: Attempting to register factory for plugin cuFFT when one has already been registered
WARNING: All log messages before absl::InitializeLog() is called are written to STDERR
E0000 00:00:1776222586.953480 2140321 cuda_dnn.cc:8310] Unable to register cuDNN factory: Attempting to register factory for plugin cuDNN when one has already been registered
E0000 00:00:1776222586.959335 2140321 cuda_blas.cc:1418] Unable to register cuBLAS factory: Attempting to register factory for plugin cuBLAS when one has already been registered
2026-04-14 23:09:46.979041: I tensorflow/core/platform/cpu_feature_guard.cc:210] This TensorFlow binary is optimized to use available CPU instructions in performance-critical operations.
To enable the following instructions: AVX2 AVX512F AVX512_VNNI FMA, in other operations, rebuild TensorFlow with the appropriate compiler flags.
Traceback (most recent call last):
  File "/home/mila/h/hengh/CODE/AGILE-WM/series.py", line 20, in <module>
    from fusion_reconstruction_experiment import (
  File "/home/mila/h/hengh/CODE/AGILE-WM/fusion_reconstruction_experiment.py", line 17, in <module>
    from transformers import CLIPModel, CLIPProcessor
ModuleNotFoundError: No module named 'transformers'
